<?xml version="1.0" encoding="UTF-8"?>
<!-- Generated by org.testng.reporters.JUnitXMLReporter -->
<testsuite ignored="0" hostname="mrunalnagalwade" failures="0" tests="3" name="Command line test" time="0.692" errors="0" timestamp="2022-03-02T17:22:54 IST">
  <testcase classname="DashboardTest" name="@BeforeMethod setUp" time="0.004">
    <failure type="java.lang.NullPointerException">
      <![CDATA[java.lang.NullPointerException
at base.Base.initialization(Base.java:28)
at DashboardTest.setUp(DashboardTest.java:21)
at java.base/java.util.ArrayList.forEach(ArrayList.java:1541)
... Removed 41 stack frames]]>
    </failure>
  </testcase> <!-- @BeforeMethod setUp -->
  <testcase classname="LoginTest" name="@BeforeMethod setUp" time="0.0">
    <failure type="java.lang.NullPointerException">
      <![CDATA[java.lang.NullPointerException
at base.Base.initialization(Base.java:28)
at LoginTest.setUp(LoginTest.java:22)
at java.base/java.util.ArrayList.forEach(ArrayList.java:1541)
... Removed 41 stack frames]]>
    </failure>
  </testcase> <!-- @BeforeMethod setUp -->
  <testcase classname="LoginTest" name="@BeforeMethod setUp" time="0.0">
    <skipped/>
  </testcase> <!-- @BeforeMethod setUp -->
  <testcase classname="DashboardTest" name="insightTest" time="0.0">
    <skipped/>
  </testcase> <!-- insightTest -->
  <testcase classname="LoginTest" name="LoginPageTest" time="0.0">
    <skipped/>
  </testcase> <!-- LoginPageTest -->
  <testcase classname="LoginTest" name="LoginPageTest" time="0.0">
    <skipped/>
  </testcase> <!-- LoginPageTest -->
</testsuite> <!-- Command line test -->
